This file contains any messages produced by compilers while
running configure, to aid debugging if configure makes a mistake.

It was created by libenet configure 1.3.17, which was
generated by GNU Autoconf 2.72.  Invocation command line was

  $ ./configure

## --------- ##
## Platform. ##
## --------- ##

hostname = Humzas-MBP.attlocal.net
uname -m = arm64
uname -r = 21.3.0
uname -s = Darwin
uname -v = Darwin Kernel Version 21.3.0: Wed Jan  5 21:37:58 PST 2022; root:xnu-8019.80.24~20/RELEASE_ARM64_T6000

/usr/bin/uname -p = arm
/bin/uname -X     = unknown

/bin/arch              = unknown
/usr/bin/arch -k       = unknown
/usr/convex/getsysinfo = unknown
/usr/bin/hostinfo      = Mach kernel version:
	 Darwin Kernel Version 21.3.0: Wed Jan  5 21:37:58 PST 2022; root:xnu-8019.80.24~20/RELEASE_ARM64_T6000
Kernel configured for up to 10 processors.
10 processors are physically available.
10 processors are logically available.
Processor type: arm64e (ARM64E)
Processors active: 0 1 2 3 4 5 6 7 8 9
Primary memory available: 16.00 gigabytes
Default processor set: 630 tasks, 4692 threads, 10 processors
Load average: 2.77, Mach factor: 7.21
/bin/machine           = unknown
/usr/bin/oslevel       = unknown
/bin/universe          = unknown

PATH: /Users/humzaqureshi/.opam/default/bin/
PATH: /opt/homebrew/opt/protobuf@21/bin/
PATH: /opt/homebrew/opt/protobuf@3/bin/
PATH: /Users/humzaqureshi/.nvm/versions/node/v16.20.2/bin/
PATH: /opt/homebrew/opt/coreutils/libexec/gnubin/
PATH: /Users/humzaqureshi/GitHub/c-modules/bin/
PATH: /Users/humzaqureshi/GitHub/sugaryc/bin/
PATH: /opt/homebrew/opt/llvm/bin/
PATH: /opt/homebrew/opt/flex/bin/
PATH: /opt/homebrew/opt/bison/bin/
PATH: /Users/humzaqureshi/.opam/default/bin/
PATH: /Users/humzaqureshi/GitHub/easyA/bin/
PATH: /Users/humzaqureshi/GitHub/FPC/bin/
PATH: /opt/homebrew/opt/llvm/bin/
PATH: /Users/humzaqureshi/GitHub/fsci/bin/
PATH: /Users/humzaqureshi/GitHub/Moth/bin/
PATH: /Users/humzaqureshi/.nimble/bin/
PATH: /Library/Frameworks/Python.framework/Versions/3.9/bin/
PATH: /Library/Frameworks/Python.framework/Versions/3.10/bin/
PATH: /usr/local/bin/
PATH: /usr/bin/
PATH: /bin/
PATH: /usr/sbin/
PATH: /sbin/
PATH: /Library/TeX/texbin/
PATH: /opt/homebrew/opt/protobuf@21/bin/
PATH: /opt/homebrew/opt/protobuf@3/bin/
PATH: /Users/humzaqureshi/.nvm/versions/node/v16.20.2/bin/
PATH: /opt/homebrew/opt/coreutils/libexec/gnubin/
PATH: /Users/humzaqureshi/.opam/default/bin/
PATH: /Users/humzaqureshi/GitHub/c-modules/bin/
PATH: /Users/humzaqureshi/GitHub/sugaryc/bin/
PATH: /opt/homebrew/opt/llvm/bin/
PATH: /opt/homebrew/opt/flex/bin/
PATH: /opt/homebrew/opt/bison/bin/
PATH: /Users/humzaqureshi/GitHub/easyA/bin/
PATH: /Users/humzaqureshi/GitHub/FPC/bin/
PATH: /Users/humzaqureshi/GitHub/fsci/bin/
PATH: /Users/humzaqureshi/GitHub/Moth/bin/
PATH: /Users/humzaqureshi/.nimble/bin/
PATH: /Users/humzaqureshi/miniforge3/bin/
PATH: /Users/humzaqureshi/miniforge3/condabin/
PATH: /Library/Frameworks/Python.framework/Versions/3.9/bin/
PATH: /Library/Frameworks/Python.framework/Versions/3.10/bin/
PATH: /opt/homebrew/bin/
PATH: /Users/humzaqureshi/svniwanttodie/scivis-work/scivis-2024/tpz/bin-osx/
PATH: /Applications/Racket v8.12/bin/
PATH: /Users/humzaqureshi/GitHub/Humza-s-Epic-C-Tools/bin/
PATH: /opt/homebrew/bin/
PATH: /usr/local/bin/
PATH: /Users/humzaqureshi/svniwanttodie/scivis-work/scivis-2024/tpz/bin-osx/
PATH: /Applications/Racket v8.12/bin/
PATH: /Users/humzaqureshi/GitHub/Humza-s-Epic-C-Tools/bin/


## ----------- ##
## Core tests. ##
## ----------- ##

configure:2489: looking for aux files: config.guess config.sub ltmain.sh compile missing install-sh
configure:2502:  trying ./
configure:2531:   ./config.guess found
configure:2531:   ./config.sub found
configure:2531:   ./ltmain.sh found
configure:2531:   ./compile found
configure:2531:   ./missing found
configure:2513:   ./install-sh found
configure:2662: checking for a BSD-compatible install
configure:2736: result: /opt/homebrew/opt/coreutils/libexec/gnubin/install -c
configure:2747: checking whether build environment is sane
configure:2802: result: yes
configure:2963: checking for a race-free mkdir -p
configure:3006: result: /opt/homebrew/opt/coreutils/libexec/gnubin/mkdir -p
configure:3013: checking for gawk
configure:3049: result: no
configure:3013: checking for mawk
configure:3049: result: no
configure:3013: checking for nawk
configure:3049: result: no
configure:3013: checking for awk
configure:3034: found /usr/bin/awk
configure:3046: result: awk
configure:3057: checking whether make sets $(MAKE)
configure:3081: result: yes
configure:3111: checking whether make supports nested variables
configure:3130: result: yes
configure:3332: checking for gcc
configure:3353: found /usr/bin/gcc
configure:3365: result: gcc
configure:3724: checking for C compiler version
configure:3733: gcc --version >&5
Apple clang version 13.1.6 (clang-1316.0.21.2.5)
Target: arm64-apple-darwin21.3.0
Thread model: posix
InstalledDir: /Applications/Xcode.app/Contents/Developer/Toolchains/XcodeDefault.xctoolchain/usr/bin
configure:3744: $? = 0
configure:3733: gcc -v >&5
Apple clang version 13.1.6 (clang-1316.0.21.2.5)
Target: arm64-apple-darwin21.3.0
Thread model: posix
InstalledDir: /Applications/Xcode.app/Contents/Developer/Toolchains/XcodeDefault.xctoolchain/usr/bin
configure:3744: $? = 0
configure:3733: gcc -V >&5
clang: error: argument to '-V' is missing (expected 1 value)
clang: error: no input files
configure:3744: $? = 1
configure:3733: gcc -qversion >&5
clang: error: unknown argument '-qversion'; did you mean '--version'?
clang: error: no input files
configure:3744: $? = 1
configure:3733: gcc -version >&5
clang: error: unknown argument '-version'; did you mean '--version'?
clang: error: no input files
configure:3744: $? = 1
configure:3764: checking whether the C compiler works
configure:3786: gcc    conftest.c  >&5
configure:3790: $? = 0
configure:3841: result: yes
configure:3845: checking for C compiler default output file name
configure:3847: result: a.out
configure:3853: checking for suffix of executables
configure:3860: gcc -o conftest    conftest.c  >&5
configure:3864: $? = 0
configure:3888: result: 
configure:3912: checking whether we are cross compiling
configure:3920: gcc -o conftest    conftest.c  >&5
configure:3924: $? = 0
configure:3931: ./conftest
configure:3935: $? = 0
configure:3950: result: no
configure:3956: checking for suffix of object files
configure:3979: gcc -c   conftest.c >&5
configure:3983: $? = 0
configure:4007: result: o
configure:4011: checking whether the compiler supports GNU C
configure:4031: gcc -c   conftest.c >&5
configure:4031: $? = 0
configure:4043: result: yes
configure:4054: checking whether gcc accepts -g
configure:4075: gcc -c -g  conftest.c >&5
configure:4075: $? = 0
configure:4122: result: yes
configure:4142: checking for gcc option to enable C11 features
configure:4157: gcc  -c -g -O2  conftest.c >&5
configure:4157: $? = 0
configure:4176: result: none needed
configure:4300: checking whether gcc understands -c and -o together
configure:4323: gcc -c conftest.c -o conftest2.o
configure:4326: $? = 0
configure:4323: gcc -c conftest.c -o conftest2.o
configure:4326: $? = 0
configure:4339: result: yes
configure:4359: checking whether make supports the include directive
configure:4374: make -f confmf.GNU && cat confinc.out
this is the am__doit target
configure:4377: $? = 0
configure:4396: result: yes (GNU style)
configure:4422: checking dependency style of gcc
configure:4535: result: gcc3
configure:4582: checking build system type
configure:4598: result: arm-apple-darwin21.3.0
configure:4618: checking host system type
configure:4633: result: arm-apple-darwin21.3.0
configure:4674: checking how to print strings
configure:4701: result: printf
configure:4722: checking for a sed that does not truncate output
configure:4794: result: /usr/bin/sed
configure:4812: checking for grep that handles long lines and -e
configure:4878: result: /usr/bin/grep
configure:4883: checking for egrep
configure:4953: result: /usr/bin/grep -E
configure:4960: checking for fgrep
configure:5030: result: /usr/bin/grep -F
configure:5067: checking for ld used by gcc
configure:5136: result: /Applications/Xcode.app/Contents/Developer/Toolchains/XcodeDefault.xctoolchain/usr/bin/ld
configure:5143: checking if the linker (/Applications/Xcode.app/Contents/Developer/Toolchains/XcodeDefault.xctoolchain/usr/bin/ld) is GNU ld
configure:5160: result: no
configure:5172: checking for BSD- or MS-compatible name lister (nm)
configure:5228: result: /usr/bin/nm -B
configure:5370: checking the name lister (/usr/bin/nm -B) interface
configure:5378: gcc -c -g -O2  conftest.c >&5
configure:5381: /usr/bin/nm -B "conftest.o"
configure:5384: output
0000000000000264 S _some_variable
0000000000000000 t ltmp0
0000000000000264 s ltmp1
configure:5392: result: BSD nm
configure:5395: checking whether ln -s works
configure:5399: result: yes
configure:5407: checking the maximum length of command line arguments
configure:5540: result: 786432
configure:5588: checking how to convert arm-apple-darwin21.3.0 file names to arm-apple-darwin21.3.0 format
configure:5630: result: func_convert_file_noop
configure:5637: checking how to convert arm-apple-darwin21.3.0 file names to toolchain format
configure:5659: result: func_convert_file_noop
configure:5666: checking for /Applications/Xcode.app/Contents/Developer/Toolchains/XcodeDefault.xctoolchain/usr/bin/ld option to reload object files
configure:5675: result: -r
configure:5755: checking for objdump
configure:5776: found /usr/bin/objdump
configure:5788: result: objdump
configure:5820: checking how to recognize dependent libraries
configure:6022: result: pass_all
configure:6113: checking for dlltool
configure:6149: result: no
configure:6179: checking how to associate runtime and link libraries
configure:6208: result: printf %s\n
configure:6275: checking for ar
configure:6296: found /usr/bin/ar
configure:6308: result: ar
configure:6345: checking for archiver @FILE support
configure:6363: gcc -c -g -O2  conftest.c >&5
configure:6363: $? = 0
configure:6367: ar cru libconftest.a @conftest.lst >&5
ar: @conftest.lst: No such file or directory
configure:6370: $? = 1
configure:6391: result: no
configure:6455: checking for strip
configure:6476: found /usr/bin/strip
configure:6488: result: strip
configure:6566: checking for ranlib
configure:6587: found /usr/bin/ranlib
configure:6599: result: ranlib
configure:6701: checking command to parse /usr/bin/nm -B output from gcc object
configure:6855: gcc -c -g -O2  conftest.c >&5
configure:6858: $? = 0
configure:6862: /usr/bin/nm -B conftest.o | sed -n -e 's/^.*[	 ]\([ABCDGIRSTW][ABCDGIRSTW]*\)[	 ][	 ]*\([_A-Za-z][_A-Za-z0-9]*\)$/\1 \2 \2/p' | sed '/ __gnu_lto/d' > conftest.nm
cannot find nm_test_var in conftest.nm
configure:6855: gcc -c -g -O2  conftest.c >&5
configure:6858: $? = 0
configure:6862: /usr/bin/nm -B conftest.o | sed -n -e 's/^.*[	 ]\([ABCDGIRSTW][ABCDGIRSTW]*\)[	 ][	 ]*_\([_A-Za-z][_A-Za-z0-9]*\)$/\1 _\2 \2/p' | sed '/ __gnu_lto/d' > conftest.nm
configure:6928: gcc -o conftest -g -O2   conftest.c conftstm.o >&5
warning: (arm64)  could not find object file symbol for symbol _main
configure:6931: $? = 0
configure:6970: result: ok
configure:7017: checking for sysroot
configure:7049: result: no
configure:7056: checking for a working dd
configure:7101: result: /opt/homebrew/opt/coreutils/libexec/gnubin/dd
configure:7105: checking how to truncate binary pipes
configure:7122: result: /opt/homebrew/opt/coreutils/libexec/gnubin/dd bs=4096 count=1
configure:7462: checking for mt
configure:7498: result: no
configure:7518: checking if : is a manifest tool
configure:7525: : '-?'
configure:7534: result: no
configure:7596: checking for dsymutil
configure:7617: found /opt/homebrew/opt/llvm/bin/dsymutil
configure:7629: result: dsymutil
configure:7700: checking for nmedit
configure:7721: found /usr/bin/nmedit
configure:7733: result: nmedit
configure:7804: checking for lipo
configure:7825: found /usr/bin/lipo
configure:7837: result: lipo
configure:7908: checking for otool
configure:7929: found /usr/bin/otool
configure:7941: result: otool
configure:8012: checking for otool64
configure:8048: result: no
configure:8093: checking for -single_module linker flag
gcc -g -O2  -o libconftest.dylib -dynamiclib -Wl,-single_module conftest.c
configure:8128: result: yes
configure:8131: checking for -exported_symbols_list linker flag
configure:8152: gcc -o conftest -g -O2   -Wl,-exported_symbols_list,conftest.sym conftest.c  >&5
configure:8152: $? = 0
configure:8165: result: yes
configure:8168: checking for -force_load linker flag
gcc -g -O2 -c -o conftest.o conftest.c
ar cru libconftest.a conftest.o
ranlib libconftest.a
gcc -g -O2  -o conftest conftest.c -Wl,-force_load,./libconftest.a
configure:8202: result: yes
configure:8278: checking for stdio.h
configure:8278: gcc -c -g -O2  conftest.c >&5
configure:8278: $? = 0
configure:8278: result: yes
configure:8278: checking for stdlib.h
configure:8278: gcc -c -g -O2  conftest.c >&5
configure:8278: $? = 0
configure:8278: result: yes
configure:8278: checking for string.h
configure:8278: gcc -c -g -O2  conftest.c >&5
configure:8278: $? = 0
configure:8278: result: yes
configure:8278: checking for inttypes.h
configure:8278: gcc -c -g -O2  conftest.c >&5
configure:8278: $? = 0
configure:8278: result: yes
configure:8278: checking for stdint.h
configure:8278: gcc -c -g -O2  conftest.c >&5
configure:8278: $? = 0
configure:8278: result: yes
configure:8278: checking for strings.h
configure:8278: gcc -c -g -O2  conftest.c >&5
configure:8278: $? = 0
configure:8278: result: yes
configure:8278: checking for sys/stat.h
configure:8278: gcc -c -g -O2  conftest.c >&5
configure:8278: $? = 0
configure:8278: result: yes
configure:8278: checking for sys/types.h
configure:8278: gcc -c -g -O2  conftest.c >&5
configure:8278: $? = 0
configure:8278: result: yes
configure:8278: checking for unistd.h
configure:8278: gcc -c -g -O2  conftest.c >&5
configure:8278: $? = 0
configure:8278: result: yes
configure:8303: checking for dlfcn.h
configure:8303: gcc -c -g -O2  conftest.c >&5
configure:8303: $? = 0
configure:8303: result: yes
configure:8568: checking for objdir
configure:8585: result: .libs
configure:8851: checking if gcc supports -fno-rtti -fno-exceptions
configure:8870: gcc -c -g -O2  -fno-rtti -fno-exceptions conftest.c >&5
configure:8874: $? = 0
configure:8888: result: yes
configure:9246: checking for gcc option to produce PIC
configure:9255: result: -fno-common -DPIC
configure:9263: checking if gcc PIC flag -fno-common -DPIC works
configure:9282: gcc -c -g -O2  -fno-common -DPIC -DPIC conftest.c >&5
configure:9286: $? = 0
configure:9300: result: yes
configure:9329: checking if gcc static flag -static works
configure:9359: result: no
configure:9374: checking if gcc supports -c -o file.o
configure:9396: gcc -c -g -O2  -o out/conftest2.o conftest.c >&5
configure:9400: $? = 0
configure:9423: result: yes
configure:9431: checking if gcc supports -c -o file.o
configure:9480: result: yes
configure:9513: checking whether the gcc linker (/Applications/Xcode.app/Contents/Developer/Toolchains/XcodeDefault.xctoolchain/usr/bin/ld) supports shared libraries
configure:10788: result: yes
configure:11030: checking dynamic linker characteristics
configure:11864: result: darwin21.3.0 dyld
configure:11986: checking how to hardcode library paths into programs
configure:12011: result: immediate
configure:12611: checking whether stripping libraries is possible
configure:12625: result: yes
configure:12651: checking if libtool supports shared libraries
configure:12653: result: yes
configure:12656: checking whether to build shared libraries
configure:12681: result: yes
configure:12684: checking whether to build static libraries
configure:12688: result: yes
configure:12726: checking for getaddrinfo
configure:12726: gcc -o conftest -g -O2   conftest.c  >&5
configure:12726: $? = 0
configure:12726: result: yes
configure:12733: checking for getnameinfo
configure:12733: gcc -o conftest -g -O2   conftest.c  >&5
configure:12733: $? = 0
configure:12733: result: yes
configure:12740: checking for gethostbyaddr_r
configure:12740: gcc -o conftest -g -O2   conftest.c  >&5
Undefined symbols for architecture arm64:
  "_gethostbyaddr_r", referenced from:
      _main in conftest-53a8c8.o
ld: symbol(s) not found for architecture arm64
clang: error: linker command failed with exit code 1 (use -v to see invocation)
configure:12740: $? = 1
configure: failed program was:
| /* confdefs.h */
| #define PACKAGE_NAME "libenet"
| #define PACKAGE_TARNAME "libenet"
| #define PACKAGE_VERSION "1.3.17"
| #define PACKAGE_STRING "libenet 1.3.17"
| #define PACKAGE_BUGREPORT ""
| #define PACKAGE_URL ""
| #define PACKAGE "libenet"
| #define VERSION "1.3.17"
| #define HAVE_STDIO_H 1
| #define HAVE_STDLIB_H 1
| #define HAVE_STRING_H 1
| #define HAVE_INTTYPES_H 1
| #define HAVE_STDINT_H 1
| #define HAVE_STRINGS_H 1
| #define HAVE_SYS_STAT_H 1
| #define HAVE_SYS_TYPES_H 1
| #define HAVE_UNISTD_H 1
| #define STDC_HEADERS 1
| #define HAVE_DLFCN_H 1
| #define LT_OBJDIR ".libs/"
| #define HAS_GETADDRINFO 1
| #define HAS_GETNAMEINFO 1
| /* end confdefs.h.  */
| /* Define gethostbyaddr_r to an innocuous variant, in case <limits.h> declares gethostbyaddr_r.
|    For example, HP-UX 11i <limits.h> declares gettimeofday.  */
| #define gethostbyaddr_r innocuous_gethostbyaddr_r
| 
| /* System header to define __stub macros and hopefully few prototypes,
|    which can conflict with char gethostbyaddr_r (void); below.  */
| 
| #include <limits.h>
| #undef gethostbyaddr_r
| 
| /* Override any GCC internal prototype to avoid an error.
|    Use char because int might match the return type of a GCC
|    builtin and then its argument prototype would still apply.  */
| #ifdef __cplusplus
| extern "C"
| #endif
| char gethostbyaddr_r (void);
| /* The GNU C library defines this for functions which it implements
|     to always fail with ENOSYS.  Some functions are actually named
|     something starting with __ and the normal name is an alias.  */
| #if defined __stub_gethostbyaddr_r || defined __stub___gethostbyaddr_r
| choke me
| #endif
| 
| int
| main (void)
| {
| return gethostbyaddr_r ();
|   ;
|   return 0;
| }
configure:12740: result: no
configure:12747: checking for gethostbyname_r
configure:12747: gcc -o conftest -g -O2   conftest.c  >&5
Undefined symbols for architecture arm64:
  "_gethostbyname_r", referenced from:
      _main in conftest-cf6854.o
ld: symbol(s) not found for architecture arm64
clang: error: linker command failed with exit code 1 (use -v to see invocation)
configure:12747: $? = 1
configure: failed program was:
| /* confdefs.h */
| #define PACKAGE_NAME "libenet"
| #define PACKAGE_TARNAME "libenet"
| #define PACKAGE_VERSION "1.3.17"
| #define PACKAGE_STRING "libenet 1.3.17"
| #define PACKAGE_BUGREPORT ""
| #define PACKAGE_URL ""
| #define PACKAGE "libenet"
| #define VERSION "1.3.17"
| #define HAVE_STDIO_H 1
| #define HAVE_STDLIB_H 1
| #define HAVE_STRING_H 1
| #define HAVE_INTTYPES_H 1
| #define HAVE_STDINT_H 1
| #define HAVE_STRINGS_H 1
| #define HAVE_SYS_STAT_H 1
| #define HAVE_SYS_TYPES_H 1
| #define HAVE_UNISTD_H 1
| #define STDC_HEADERS 1
| #define HAVE_DLFCN_H 1
| #define LT_OBJDIR ".libs/"
| #define HAS_GETADDRINFO 1
| #define HAS_GETNAMEINFO 1
| /* end confdefs.h.  */
| /* Define gethostbyname_r to an innocuous variant, in case <limits.h> declares gethostbyname_r.
|    For example, HP-UX 11i <limits.h> declares gettimeofday.  */
| #define gethostbyname_r innocuous_gethostbyname_r
| 
| /* System header to define __stub macros and hopefully few prototypes,
|    which can conflict with char gethostbyname_r (void); below.  */
| 
| #include <limits.h>
| #undef gethostbyname_r
| 
| /* Override any GCC internal prototype to avoid an error.
|    Use char because int might match the return type of a GCC
|    builtin and then its argument prototype would still apply.  */
| #ifdef __cplusplus
| extern "C"
| #endif
| char gethostbyname_r (void);
| /* The GNU C library defines this for functions which it implements
|     to always fail with ENOSYS.  Some functions are actually named
|     something starting with __ and the normal name is an alias.  */
| #if defined __stub_gethostbyname_r || defined __stub___gethostbyname_r
| choke me
| #endif
| 
| int
| main (void)
| {
| return gethostbyname_r ();
|   ;
|   return 0;
| }
configure:12747: result: no
configure:12754: checking for poll
configure:12754: gcc -o conftest -g -O2   conftest.c  >&5
configure:12754: $? = 0
configure:12754: result: yes
configure:12761: checking for fcntl
configure:12761: gcc -o conftest -g -O2   conftest.c  >&5
configure:12761: $? = 0
configure:12761: result: yes
configure:12768: checking for inet_pton
configure:12768: gcc -o conftest -g -O2   conftest.c  >&5
configure:12768: $? = 0
configure:12768: result: yes
configure:12775: checking for inet_ntop
configure:12775: gcc -o conftest -g -O2   conftest.c  >&5
configure:12775: $? = 0
configure:12775: result: yes
configure:12783: checking for struct msghdr.msg_flags
configure:12783: gcc -c -g -O2  conftest.c >&5
configure:12783: $? = 0
configure:12783: result: yes
configure:12792: checking for socklen_t
configure:12792: gcc -c -g -O2  conftest.c >&5
configure:12792: $? = 0
configure:12792: gcc -c -g -O2  conftest.c >&5
conftest.c:37:24: error: expected expression
if (sizeof ((socklen_t)))
                       ^
1 error generated.
configure:12792: $? = 1
configure: failed program was:
| /* confdefs.h */
| #define PACKAGE_NAME "libenet"
| #define PACKAGE_TARNAME "libenet"
| #define PACKAGE_VERSION "1.3.17"
| #define PACKAGE_STRING "libenet 1.3.17"
| #define PACKAGE_BUGREPORT ""
| #define PACKAGE_URL ""
| #define PACKAGE "libenet"
| #define VERSION "1.3.17"
| #define HAVE_STDIO_H 1
| #define HAVE_STDLIB_H 1
| #define HAVE_STRING_H 1
| #define HAVE_INTTYPES_H 1
| #define HAVE_STDINT_H 1
| #define HAVE_STRINGS_H 1
| #define HAVE_SYS_STAT_H 1
| #define HAVE_SYS_TYPES_H 1
| #define HAVE_UNISTD_H 1
| #define STDC_HEADERS 1
| #define HAVE_DLFCN_H 1
| #define LT_OBJDIR ".libs/"
| #define HAS_GETADDRINFO 1
| #define HAS_GETNAMEINFO 1
| #define HAS_POLL 1
| #define HAS_FCNTL 1
| #define HAS_INET_PTON 1
| #define HAS_INET_NTOP 1
| #define HAS_MSGHDR_FLAGS 1
| /* end confdefs.h.  */
| #include <sys/types.h>
|               #include <sys/socket.h>
| 
| 
| int
| main (void)
| {
| if (sizeof ((socklen_t)))
| 	    return 0;
|   ;
|   return 0;
| }
configure:12792: result: yes
configure:12948: checking that generated files are newer than configure
configure:12954: result: done
configure:12977: creating ./config.status

## ---------------------- ##
## Running config.status. ##
## ---------------------- ##

This file was extended by libenet config.status 1.3.17, which was
generated by GNU Autoconf 2.72.  Invocation command line was

  CONFIG_FILES    = 
  CONFIG_HEADERS  = 
  CONFIG_LINKS    = 
  CONFIG_COMMANDS = 
  $ ./config.status 

on Humzas-MBP.attlocal.net

config.status:1003: creating Makefile
config.status:1003: creating libenet.pc
config.status:1175: executing depfiles commands
config.status:1252: cd .       && sed -e '/# am--include-marker/d' Makefile         | make -f - am--depfiles
make: Nothing to be done for `am--depfiles'.
config.status:1257: $? = 0
config.status:1175: executing libtool commands

## ---------------- ##
## Cache variables. ##
## ---------------- ##

ac_cv_build=arm-apple-darwin21.3.0
ac_cv_c_compiler_gnu=yes
ac_cv_env_CC_set=
ac_cv_env_CC_value=
ac_cv_env_CFLAGS_set=
ac_cv_env_CFLAGS_value=
ac_cv_env_CPPFLAGS_set=
ac_cv_env_CPPFLAGS_value=
ac_cv_env_LDFLAGS_set=
ac_cv_env_LDFLAGS_value=
ac_cv_env_LIBS_set=
ac_cv_env_LIBS_value=
ac_cv_env_LT_SYS_LIBRARY_PATH_set=
ac_cv_env_LT_SYS_LIBRARY_PATH_value=
ac_cv_env_build_alias_set=
ac_cv_env_build_alias_value=
ac_cv_env_host_alias_set=
ac_cv_env_host_alias_value=
ac_cv_env_target_alias_set=
ac_cv_env_target_alias_value=
ac_cv_func_fcntl=yes
ac_cv_func_getaddrinfo=yes
ac_cv_func_gethostbyaddr_r=no
ac_cv_func_gethostbyname_r=no
ac_cv_func_getnameinfo=yes
ac_cv_func_inet_ntop=yes
ac_cv_func_inet_pton=yes
ac_cv_func_poll=yes
ac_cv_header_dlfcn_h=yes
ac_cv_header_inttypes_h=yes
ac_cv_header_stdint_h=yes
ac_cv_header_stdio_h=yes
ac_cv_header_stdlib_h=yes
ac_cv_header_string_h=yes
ac_cv_header_strings_h=yes
ac_cv_header_sys_stat_h=yes
ac_cv_header_sys_types_h=yes
ac_cv_header_unistd_h=yes
ac_cv_host=arm-apple-darwin21.3.0
ac_cv_member_struct_msghdr_msg_flags=yes
ac_cv_objext=o
ac_cv_path_EGREP='/usr/bin/grep -E'
ac_cv_path_EGREP_TRADITIONAL='/usr/bin/grep -E'
ac_cv_path_FGREP='/usr/bin/grep -F'
ac_cv_path_GREP=/usr/bin/grep
ac_cv_path_SED=/usr/bin/sed
ac_cv_path_install='/opt/homebrew/opt/coreutils/libexec/gnubin/install -c'
ac_cv_path_lt_DD=/opt/homebrew/opt/coreutils/libexec/gnubin/dd
ac_cv_path_mkdir=/opt/homebrew/opt/coreutils/libexec/gnubin/mkdir
ac_cv_prog_AWK=awk
ac_cv_prog_ac_ct_AR=ar
ac_cv_prog_ac_ct_CC=gcc
ac_cv_prog_ac_ct_DSYMUTIL=dsymutil
ac_cv_prog_ac_ct_LIPO=lipo
ac_cv_prog_ac_ct_NMEDIT=nmedit
ac_cv_prog_ac_ct_OBJDUMP=objdump
ac_cv_prog_ac_ct_OTOOL=otool
ac_cv_prog_ac_ct_RANLIB=ranlib
ac_cv_prog_ac_ct_STRIP=strip
ac_cv_prog_cc_c11=
ac_cv_prog_cc_g=yes
ac_cv_prog_cc_stdc=
ac_cv_prog_make_make_set=yes
ac_cv_type_socklen_t=yes
am_cv_CC_dependencies_compiler_type=gcc3
am_cv_make_support_nested_variables=yes
am_cv_prog_cc_c_o=yes
lt_cv_apple_cc_single_mod=yes
lt_cv_ar_at_file=no
lt_cv_deplibs_check_method=pass_all
lt_cv_file_magic_cmd='$MAGIC_CMD'
lt_cv_file_magic_test_file=
lt_cv_ld_exported_symbols_list=yes
lt_cv_ld_force_load=yes
lt_cv_ld_reload_flag=-r
lt_cv_nm_interface='BSD nm'
lt_cv_objdir=.libs
lt_cv_path_LD=/Applications/Xcode.app/Contents/Developer/Toolchains/XcodeDefault.xctoolchain/usr/bin/ld
lt_cv_path_NM='/usr/bin/nm -B'
lt_cv_path_mainfest_tool=no
lt_cv_prog_compiler_c_o=yes
lt_cv_prog_compiler_pic='-fno-common -DPIC'
lt_cv_prog_compiler_pic_works=yes
lt_cv_prog_compiler_rtti_exceptions=yes
lt_cv_prog_compiler_static_works=no
lt_cv_prog_gnu_ld=no
lt_cv_sharedlib_from_linklib_cmd='printf %s\n'
lt_cv_sys_global_symbol_pipe='sed -n -e '\''s/^.*[	 ]\([ABCDGIRSTW][ABCDGIRSTW]*\)[	 ][	 ]*_\([_A-Za-z][_A-Za-z0-9]*\)$/\1 _\2 \2/p'\'' | sed '\''/ __gnu_lto/d'\'''
lt_cv_sys_global_symbol_to_c_name_address='sed -n -e '\''s/^: \(.*\) .*$/  {"\1", (void *) 0},/p'\'' -e '\''s/^[ABCDGIRSTW][ABCDGIRSTW]* .* \(.*\)$/  {"\1", (void *) \&\1},/p'\'''
lt_cv_sys_global_symbol_to_c_name_address_lib_prefix='sed -n -e '\''s/^: \(.*\) .*$/  {"\1", (void *) 0},/p'\'' -e '\''s/^[ABCDGIRSTW][ABCDGIRSTW]* .* \(lib.*\)$/  {"\1", (void *) \&\1},/p'\'' -e '\''s/^[ABCDGIRSTW][ABCDGIRSTW]* .* \(.*\)$/  {"lib\1", (void *) \&\1},/p'\'''
lt_cv_sys_global_symbol_to_cdecl='sed -n -e '\''s/^T .* \(.*\)$/extern int \1();/p'\'' -e '\''s/^[ABCDGIRSTW][ABCDGIRSTW]* .* \(.*\)$/extern char \1;/p'\'''
lt_cv_sys_global_symbol_to_import=
lt_cv_sys_max_cmd_len=786432
lt_cv_to_host_file_cmd=func_convert_file_noop
lt_cv_to_tool_file_cmd=func_convert_file_noop
lt_cv_truncate_bin='/opt/homebrew/opt/coreutils/libexec/gnubin/dd bs=4096 count=1'

## ----------------- ##
## Output variables. ##
## ----------------- ##

ACLOCAL='${SHELL} '\''/Users/humzaqureshi/GitHub/Super-Powered-Robot-Football/enet/missing'\'' aclocal-1.16'
AMDEPBACKSLASH='\'
AMDEP_FALSE='#'
AMDEP_TRUE=''
AMTAR='$${TAR-tar}'
AM_BACKSLASH='\'
AM_DEFAULT_V='$(AM_DEFAULT_VERBOSITY)'
AM_DEFAULT_VERBOSITY='1'
AM_V='$(V)'
AR='ar'
AUTOCONF='${SHELL} '\''/Users/humzaqureshi/GitHub/Super-Powered-Robot-Football/enet/missing'\'' autoconf'
AUTOHEADER='${SHELL} '\''/Users/humzaqureshi/GitHub/Super-Powered-Robot-Football/enet/missing'\'' autoheader'
AUTOMAKE='${SHELL} '\''/Users/humzaqureshi/GitHub/Super-Powered-Robot-Football/enet/missing'\'' automake-1.16'
AWK='awk'
CC='gcc'
CCDEPMODE='depmode=gcc3'
CFLAGS='-g -O2'
CPPFLAGS=''
CSCOPE='cscope'
CTAGS='ctags'
CYGPATH_W='echo'
DEFS='-DPACKAGE_NAME=\"libenet\" -DPACKAGE_TARNAME=\"libenet\" -DPACKAGE_VERSION=\"1.3.17\" -DPACKAGE_STRING=\"libenet\ 1.3.17\" -DPACKAGE_BUGREPORT=\"\" -DPACKAGE_URL=\"\" -DPACKAGE=\"libenet\" -DVERSION=\"1.3.17\" -DHAVE_STDIO_H=1 -DHAVE_STDLIB_H=1 -DHAVE_STRING_H=1 -DHAVE_INTTYPES_H=1 -DHAVE_STDINT_H=1 -DHAVE_STRINGS_H=1 -DHAVE_SYS_STAT_H=1 -DHAVE_SYS_TYPES_H=1 -DHAVE_UNISTD_H=1 -DSTDC_HEADERS=1 -DHAVE_DLFCN_H=1 -DLT_OBJDIR=\".libs/\" -DHAS_GETADDRINFO=1 -DHAS_GETNAMEINFO=1 -DHAS_POLL=1 -DHAS_FCNTL=1 -DHAS_INET_PTON=1 -DHAS_INET_NTOP=1 -DHAS_MSGHDR_FLAGS=1 -DHAS_SOCKLEN_T=1'
DEPDIR='.deps'
DLLTOOL='false'
DSYMUTIL='dsymutil'
DUMPBIN=''
ECHO_C='\c'
ECHO_N=''
ECHO_T=''
EGREP='/usr/bin/grep -E'
ETAGS='etags'
EXEEXT=''
FGREP='/usr/bin/grep -F'
GREP='/usr/bin/grep'
INSTALL_DATA='${INSTALL} -m 644'
INSTALL_PROGRAM='${INSTALL}'
INSTALL_SCRIPT='${INSTALL}'
INSTALL_STRIP_PROGRAM='$(install_sh) -c -s'
LD='/Applications/Xcode.app/Contents/Developer/Toolchains/XcodeDefault.xctoolchain/usr/bin/ld'
LDFLAGS=''
LIBOBJS=''
LIBS=''
LIBTOOL='$(SHELL) $(top_builddir)/libtool'
LIPO='lipo'
LN_S='ln -s'
LTLIBOBJS=''
LT_SYS_LIBRARY_PATH=''
MAKEINFO='${SHELL} '\''/Users/humzaqureshi/GitHub/Super-Powered-Robot-Football/enet/missing'\'' makeinfo'
MANIFEST_TOOL=':'
MKDIR_P='/opt/homebrew/opt/coreutils/libexec/gnubin/mkdir -p'
NM='/usr/bin/nm -B'
NMEDIT='nmedit'
OBJDUMP='objdump'
OBJEXT='o'
OTOOL64=':'
OTOOL='otool'
PACKAGE='libenet'
PACKAGE_BUGREPORT=''
PACKAGE_NAME='libenet'
PACKAGE_STRING='libenet 1.3.17'
PACKAGE_TARNAME='libenet'
PACKAGE_URL=''
PACKAGE_VERSION='1.3.17'
PATH_SEPARATOR=':'
RANLIB='ranlib'
SED='/usr/bin/sed'
SET_MAKE=''
SHELL='/bin/sh'
STRIP='strip'
VERSION='1.3.17'
ac_ct_AR='ar'
ac_ct_CC='gcc'
ac_ct_DUMPBIN=''
am__EXEEXT_FALSE=''
am__EXEEXT_TRUE='#'
am__fastdepCC_FALSE='#'
am__fastdepCC_TRUE=''
am__include='include'
am__isrc=''
am__leading_dot='.'
am__nodep='_no'
am__quote=''
am__tar='$${TAR-tar} chof - "$$tardir"'
am__untar='$${TAR-tar} xf -'
bindir='${exec_prefix}/bin'
build='arm-apple-darwin21.3.0'
build_alias=''
build_cpu='arm'
build_os='darwin21.3.0'
build_vendor='apple'
datadir='${datarootdir}'
datarootdir='${prefix}/share'
docdir='${datarootdir}/doc/${PACKAGE_TARNAME}'
dvidir='${docdir}'
exec_prefix='${prefix}'
host='arm-apple-darwin21.3.0'
host_alias=''
host_cpu='arm'
host_os='darwin21.3.0'
host_vendor='apple'
htmldir='${docdir}'
includedir='${prefix}/include'
infodir='${datarootdir}/info'
install_sh='${SHELL} /Users/humzaqureshi/GitHub/Super-Powered-Robot-Football/enet/install-sh'
libdir='${exec_prefix}/lib'
libexecdir='${exec_prefix}/libexec'
localedir='${datarootdir}/locale'
localstatedir='${prefix}/var'
mandir='${datarootdir}/man'
mkdir_p='$(MKDIR_P)'
oldincludedir='/usr/include'
pdfdir='${docdir}'
prefix='/usr/local'
program_transform_name='s,x,x,'
psdir='${docdir}'
runstatedir='${localstatedir}/run'
sbindir='${exec_prefix}/sbin'
sharedstatedir='${prefix}/com'
sysconfdir='${prefix}/etc'
target_alias=''

## ----------- ##
## confdefs.h. ##
## ----------- ##

/* confdefs.h */
#define PACKAGE_NAME "libenet"
#define PACKAGE_TARNAME "libenet"
#define PACKAGE_VERSION "1.3.17"
#define PACKAGE_STRING "libenet 1.3.17"
#define PACKAGE_BUGREPORT ""
#define PACKAGE_URL ""
#define PACKAGE "libenet"
#define VERSION "1.3.17"
#define HAVE_STDIO_H 1
#define HAVE_STDLIB_H 1
#define HAVE_STRING_H 1
#define HAVE_INTTYPES_H 1
#define HAVE_STDINT_H 1
#define HAVE_STRINGS_H 1
#define HAVE_SYS_STAT_H 1
#define HAVE_SYS_TYPES_H 1
#define HAVE_UNISTD_H 1
#define STDC_HEADERS 1
#define HAVE_DLFCN_H 1
#define LT_OBJDIR ".libs/"
#define HAS_GETADDRINFO 1
#define HAS_GETNAMEINFO 1
#define HAS_POLL 1
#define HAS_FCNTL 1
#define HAS_INET_PTON 1
#define HAS_INET_NTOP 1
#define HAS_MSGHDR_FLAGS 1
#define HAS_SOCKLEN_T 1

configure: exit 0
